<?xml version="1.0" encoding="UTF-8"?>
<robot generator="Robot 3.2.1 (Python 3.8.5 on darwin)" generated="20210402 23:33:57.065" rpa="false">
<suite id="s1" name="Test Suites" source="/Users/alexgr/bring-global-flight-reservation/test_suites">
<suite id="s1-s1" name="Flight Booking" source="/Users/alexgr/bring-global-flight-reservation/test_suites/flight_booking.robot">
<test id="s1-s1-t1" name="Scenario: Making a Trip Reservation">
<kw name="Open Web browser" library="Hooks" type="setup">
<arguments>
<arg>https://www.ryanair.com/gb/en</arg>
<arg>chrome</arg>
</arguments>
<kw name="Open Browser" library="SeleniumLibrary">
<doc>Opens a new browser instance to the optional ``url``.</doc>
<arguments>
<arg>${URL}</arg>
<arg>${browser}</arg>
</arguments>
<msg timestamp="20210402 23:33:57.214" level="INFO">Opening browser 'chrome' to base url 'https://www.ryanair.com/gb/en'.</msg>
<status status="PASS" starttime="20210402 23:33:57.214" endtime="20210402 23:34:01.087"></status>
</kw>
<kw name="Maximize Browser Window" library="SeleniumLibrary">
<doc>Maximizes current browser window.</doc>
<status status="PASS" starttime="20210402 23:34:01.088" endtime="20210402 23:34:01.402"></status>
</kw>
<status status="PASS" starttime="20210402 23:33:57.213" endtime="20210402 23:34:01.402"></status>
</kw>
<kw name="Given I am in the flight company website to book a trip" library="BDDConfig">
<kw name="Run Keyword" library="BuiltIn">
<doc>Executes the given keyword with the given arguments.</doc>
<arguments>
<arg>${keyword}</arg>
</arguments>
<kw name="I am in the flight company website to book a trip" library="FlightsPage">
<kw name="Wait Until Element Is Visible" library="SeleniumLibrary">
<doc>Waits until the element ``locator`` is visible.</doc>
<arguments>
<arg>${TXT_WEBSITE_NAME}</arg>
</arguments>
<status status="PASS" starttime="20210402 23:34:01.404" endtime="20210402 23:34:01.438"></status>
</kw>
<status status="PASS" starttime="20210402 23:34:01.403" endtime="20210402 23:34:01.439"></status>
</kw>
<status status="PASS" starttime="20210402 23:34:01.403" endtime="20210402 23:34:01.439"></status>
</kw>
<status status="PASS" starttime="20210402 23:34:01.402" endtime="20210402 23:34:01.439"></status>
</kw>
<kw name="And I inform the departure and destination locales" library="FlightsPage">
<arguments>
<arg>Lisbon</arg>
<arg>Malaga</arg>
</arguments>
<kw name="Set Selenium Speed" library="SeleniumLibrary">
<doc>Sets the delay that is waited after each Selenium command.</doc>
<arguments>
<arg>1</arg>
</arguments>
<status status="PASS" starttime="20210402 23:34:01.440" endtime="20210402 23:34:01.440"></status>
</kw>
<kw name="Wait Until Element Is Visible" library="SeleniumLibrary">
<doc>Waits until the element ``locator`` is visible.</doc>
<arguments>
<arg>${INPUT_TRIP_DEPARTURE}</arg>
<arg>50</arg>
</arguments>
<status status="PASS" starttime="20210402 23:34:01.440" endtime="20210402 23:34:03.507"></status>
</kw>
<kw name="Wait Until Element Is Visible" library="SeleniumLibrary">
<doc>Waits until the element ``locator`` is visible.</doc>
<arguments>
<arg>${INPUT_TRIP_DESTINATION}</arg>
<arg>50</arg>
</arguments>
<status status="PASS" starttime="20210402 23:34:03.507" endtime="20210402 23:34:05.870"></status>
</kw>
<kw name="Clear Element Text" library="SeleniumLibrary">
<doc>Clears the value of the text-input-element identified by ``locator``.</doc>
<arguments>
<arg>${INPUT_TRIP_DEPARTURE}</arg>
</arguments>
<status status="PASS" starttime="20210402 23:34:05.871" endtime="20210402 23:34:07.968"></status>
</kw>
<kw name="Clear Element Text" library="SeleniumLibrary">
<doc>Clears the value of the text-input-element identified by ``locator``.</doc>
<arguments>
<arg>${INPUT_TRIP_DESTINATION}</arg>
</arguments>
<status status="PASS" starttime="20210402 23:34:07.969" endtime="20210402 23:34:10.008"></status>
</kw>
<kw name="Input Text" library="SeleniumLibrary">
<doc>Types the given ``text`` into the text field identified by ``locator``.</doc>
<arguments>
<arg>${INPUT_TRIP_DEPARTURE}</arg>
<arg>${departure}</arg>
</arguments>
<msg timestamp="20210402 23:34:10.009" level="INFO">Typing text 'Lisbon' into text field 'xpath://input[@id="input-button__departure"]'.</msg>
<status status="PASS" starttime="20210402 23:34:10.008" endtime="20210402 23:34:13.340"></status>
</kw>
<kw name="Press Keys" library="SeleniumLibrary">
<doc>Simulates the user pressing key(s) to an element or on the active browser.</doc>
<arguments>
<arg>${INPUT_TRIP_DEPARTURE}</arg>
<arg>TAB</arg>
</arguments>
<msg timestamp="20210402 23:34:13.341" level="INFO">Sending key(s) ('TAB',) to xpath://input[@id="input-button__departure"] element.</msg>
<msg timestamp="20210402 23:34:15.639" level="INFO">Pressing special key TAB to element.</msg>
<msg timestamp="20210402 23:34:15.640" level="INFO">Releasing special key TAB.</msg>
<status status="PASS" starttime="20210402 23:34:13.341" endtime="20210402 23:34:16.673"></status>
</kw>
<kw name="Input Text" library="SeleniumLibrary">
<doc>Types the given ``text`` into the text field identified by ``locator``.</doc>
<arguments>
<arg>${INPUT_TRIP_DESTINATION}</arg>
<arg>${destination}</arg>
</arguments>
<msg timestamp="20210402 23:34:16.674" level="INFO">Typing text 'Malaga' into text field 'xpath://input[@id="input-button__destination"]'.</msg>
<status status="PASS" starttime="20210402 23:34:16.674" endtime="20210402 23:34:19.815"></status>
</kw>
<kw name="Click Element" library="SeleniumLibrary">
<doc>Click the element identified by ``locator``.</doc>
<arguments>
<arg>${BTN_SEARCH}</arg>
</arguments>
<msg timestamp="20210402 23:34:19.816" level="INFO">Clicking element 'xpath://button[@class="flight-search-widget__start-search ng-tns-c79-3 ng-trigger ng-trigger-collapseExpandCta ry-button--gradient-yellow"]'.</msg>
<status status="PASS" starttime="20210402 23:34:19.816" endtime="20210402 23:34:21.941"></status>
</kw>
<kw name="Wait Until Element Is Visible" library="SeleniumLibrary">
<doc>Waits until the element ``locator`` is visible.</doc>
<arguments>
<arg>${SELECTION_CALENDARS_PANEL}</arg>
<arg>50</arg>
</arguments>
<kw name="Capture Page Screenshot" library="SeleniumLibrary">
<doc>Takes a screenshot of the current page and embeds it into a log file.</doc>
<msg timestamp="20210402 23:34:22.971" level="FAIL">NoSuchWindowException: Message: no such window: window was already closed
  (Session info: chrome=89.0.4389.114)
</msg>
<status status="FAIL" starttime="20210402 23:34:22.965" endtime="20210402 23:34:22.971"></status>
</kw>
<msg timestamp="20210402 23:34:22.971" level="WARN">Keyword 'Capture Page Screenshot' could not be run on failure: NoSuchWindowException: Message: no such window: window was already closed
  (Session info: chrome=89.0.4389.114)
</msg>
<msg timestamp="20210402 23:34:22.973" level="FAIL">NoSuchWindowException: Message: no such window: window was already closed
  (Session info: chrome=89.0.4389.114)
</msg>
<status status="FAIL" starttime="20210402 23:34:21.941" endtime="20210402 23:34:22.973"></status>
</kw>
<status status="FAIL" starttime="20210402 23:34:01.439" endtime="20210402 23:34:22.974"></status>
</kw>
<status status="FAIL" starttime="20210402 23:33:57.213" endtime="20210402 23:34:22.974" critical="yes">NoSuchWindowException: Message: no such window: window was already closed
  (Session info: chrome=89.0.4389.114)
</status>
</test>
<status status="FAIL" starttime="20210402 23:33:57.085" endtime="20210402 23:34:22.975"></status>
</suite>
<status status="FAIL" starttime="20210402 23:33:57.066" endtime="20210402 23:34:22.977"></status>
</suite>
<statistics>
<total>
<stat pass="0" fail="1">Critical Tests</stat>
<stat pass="0" fail="1">All Tests</stat>
</total>
<tag>
</tag>
<suite>
<stat pass="0" fail="1" id="s1" name="Test Suites">Test Suites</stat>
<stat pass="0" fail="1" id="s1-s1" name="Flight Booking">Test Suites.Flight Booking</stat>
</suite>
</statistics>
<errors>
<msg timestamp="20210402 23:34:22.971" level="WARN">Keyword 'Capture Page Screenshot' could not be run on failure: NoSuchWindowException: Message: no such window: window was already closed
  (Session info: chrome=89.0.4389.114)
</msg>
</errors>
</robot>
