<?xml version="1.0" encoding="UTF-8"?>
<robot generator="Robot 3.2.1 (Python 3.8.5 on darwin)" generated="20210403 00:50:06.087" rpa="false">
<suite id="s1" name="Test Suites" source="/Users/alexgr/bring-global-flight-booking/test_suites">
<suite id="s1-s1" name="Flight Booking" source="/Users/alexgr/bring-global-flight-booking/test_suites/flight_booking.robot">
<test id="s1-s1-t1" name="Scenario: Performing a Trip Reservation">
<kw name="Open Web browser" library="Hooks" type="setup">
<arguments>
<arg>https://www.ryanair.com/gb/en</arg>
<arg>chrome</arg>
</arguments>
<kw name="Open Browser" library="SeleniumLibrary">
<doc>Opens a new browser instance to the optional ``url``.</doc>
<arguments>
<arg>${URL}</arg>
<arg>${browser}</arg>
</arguments>
<msg timestamp="20210403 00:50:06.237" level="INFO">Opening browser 'chrome' to base url 'https://www.ryanair.com/gb/en'.</msg>
<status status="PASS" starttime="20210403 00:50:06.237" endtime="20210403 00:50:14.504"></status>
</kw>
<kw name="Maximize Browser Window" library="SeleniumLibrary">
<doc>Maximizes current browser window.</doc>
<status status="PASS" starttime="20210403 00:50:14.505" endtime="20210403 00:50:14.669"></status>
</kw>
<status status="PASS" starttime="20210403 00:50:06.236" endtime="20210403 00:50:14.669"></status>
</kw>
<kw name="Given I am in the flight company website to book a trip" library="BDDConfig">
<kw name="Run Keyword" library="BuiltIn">
<doc>Executes the given keyword with the given arguments.</doc>
<arguments>
<arg>${keyword}</arg>
</arguments>
<kw name="I am in the flight company website to book a trip" library="FlightsPage">
<kw name="Wait Until Element Is Visible" library="SeleniumLibrary">
<doc>Waits until the element ``locator`` is visible.</doc>
<arguments>
<arg>${TXT_WEBSITE_NAME}</arg>
</arguments>
<status status="PASS" starttime="20210403 00:50:14.671" endtime="20210403 00:50:14.692"></status>
</kw>
<status status="PASS" starttime="20210403 00:50:14.670" endtime="20210403 00:50:14.692"></status>
</kw>
<status status="PASS" starttime="20210403 00:50:14.670" endtime="20210403 00:50:14.692"></status>
</kw>
<status status="PASS" starttime="20210403 00:50:14.670" endtime="20210403 00:50:14.692"></status>
</kw>
<kw name="And I inform the departure and destination locales" library="FlightsPage">
<arguments>
<arg>Lisbon</arg>
<arg>Malaga</arg>
</arguments>
<kw name="Set Selenium Speed" library="SeleniumLibrary">
<doc>Sets the delay that is waited after each Selenium command.</doc>
<arguments>
<arg>1</arg>
</arguments>
<status status="PASS" starttime="20210403 00:50:14.693" endtime="20210403 00:50:14.693"></status>
</kw>
<kw name="Wait Until Element Is Visible" library="SeleniumLibrary">
<doc>Waits until the element ``locator`` is visible.</doc>
<arguments>
<arg>${INPUT_TRIP_DEPARTURE}</arg>
<arg>50</arg>
</arguments>
<status status="PASS" starttime="20210403 00:50:14.693" endtime="20210403 00:50:16.725"></status>
</kw>
<kw name="Wait Until Element Is Visible" library="SeleniumLibrary">
<doc>Waits until the element ``locator`` is visible.</doc>
<arguments>
<arg>${INPUT_TRIP_DESTINATION}</arg>
<arg>50</arg>
</arguments>
<status status="PASS" starttime="20210403 00:50:16.725" endtime="20210403 00:50:18.752"></status>
</kw>
<kw name="Clear Element Text" library="SeleniumLibrary">
<doc>Clears the value of the text-input-element identified by ``locator``.</doc>
<arguments>
<arg>${INPUT_TRIP_DEPARTURE}</arg>
</arguments>
<status status="PASS" starttime="20210403 00:50:18.752" endtime="20210403 00:50:20.846"></status>
</kw>
<kw name="Clear Element Text" library="SeleniumLibrary">
<doc>Clears the value of the text-input-element identified by ``locator``.</doc>
<arguments>
<arg>${INPUT_TRIP_DESTINATION}</arg>
</arguments>
<status status="PASS" starttime="20210403 00:50:20.847" endtime="20210403 00:50:22.892"></status>
</kw>
<kw name="Input Text" library="SeleniumLibrary">
<doc>Types the given ``text`` into the text field identified by ``locator``.</doc>
<arguments>
<arg>${INPUT_TRIP_DEPARTURE}</arg>
<arg>${departure}</arg>
</arguments>
<msg timestamp="20210403 00:50:22.893" level="INFO">Typing text 'Lisbon' into text field 'xpath://input[@id="input-button__departure"]'.</msg>
<status status="PASS" starttime="20210403 00:50:22.892" endtime="20210403 00:50:26.185"></status>
</kw>
<kw name="Press Keys" library="SeleniumLibrary">
<doc>Simulates the user pressing key(s) to an element or on the active browser.</doc>
<arguments>
<arg>${INPUT_TRIP_DEPARTURE}</arg>
<arg>TAB</arg>
</arguments>
<msg timestamp="20210403 00:50:26.187" level="INFO">Sending key(s) ('TAB',) to xpath://input[@id="input-button__departure"] element.</msg>
<msg timestamp="20210403 00:50:28.477" level="INFO">Pressing special key TAB to element.</msg>
<msg timestamp="20210403 00:50:28.477" level="INFO">Releasing special key TAB.</msg>
<status status="PASS" starttime="20210403 00:50:26.186" endtime="20210403 00:50:29.508"></status>
</kw>
<kw name="Input Text" library="SeleniumLibrary">
<doc>Types the given ``text`` into the text field identified by ``locator``.</doc>
<arguments>
<arg>${INPUT_TRIP_DESTINATION}</arg>
<arg>${destination}</arg>
</arguments>
<msg timestamp="20210403 00:50:29.509" level="INFO">Typing text 'Malaga' into text field 'xpath://input[@id="input-button__destination"]'.</msg>
<status status="PASS" starttime="20210403 00:50:29.509" endtime="20210403 00:50:32.621"></status>
</kw>
<kw name="Click Element" library="SeleniumLibrary">
<doc>Click the element identified by ``locator``.</doc>
<arguments>
<arg>${BTN_SEARCH}</arg>
</arguments>
<msg timestamp="20210403 00:50:32.622" level="INFO">Clicking element 'xpath://button[@class="flight-search-widget__start-search ng-tns-c79-3 ng-trigger ng-trigger-collapseExpandCta ry-button--gradient-yellow"]'.</msg>
<status status="PASS" starttime="20210403 00:50:32.622" endtime="20210403 00:50:34.761"></status>
</kw>
<kw name="Wait Until Element Is Visible" library="SeleniumLibrary">
<doc>Waits until the element ``locator`` is visible.</doc>
<arguments>
<arg>${SELECTION_CALENDARS_PANEL}</arg>
<arg>50</arg>
</arguments>
<status status="PASS" starttime="20210403 00:50:34.761" endtime="20210403 00:50:36.791"></status>
</kw>
<kw name="Click Element" library="SeleniumLibrary">
<doc>Click the element identified by ``locator``.</doc>
<arguments>
<arg>${SELECTION_CALENDARS_PANEL}</arg>
</arguments>
<msg timestamp="20210403 00:50:36.792" level="INFO">Clicking element 'xpath://div[@class="flight-widget-controls__calendar ng-tns-c78-4 ng-trigger ng-trigger-datesContainerInitialRender"]'.</msg>
<status status="PASS" starttime="20210403 00:50:36.791" endtime="20210403 00:50:38.919"></status>
</kw>
<kw name="Wait Until Element Is Visible" library="SeleniumLibrary">
<doc>Waits until the element ``locator`` is visible.</doc>
<arguments>
<arg>${SELECTION_DEPARTURE_DATE}</arg>
<arg>50</arg>
</arguments>
<status status="PASS" starttime="20210403 00:50:38.920" endtime="20210403 00:50:40.955"></status>
</kw>
<kw name="Click Element" library="SeleniumLibrary">
<doc>Click the element identified by ``locator``.</doc>
<arguments>
<arg>${SELECTION_DEPARTURE_DATE}</arg>
</arguments>
<msg timestamp="20210403 00:50:40.956" level="INFO">Clicking element 'xpath://div[@class="input-button__input ng-star-inserted"]/ancestor::div[@data-ref="input-button__dates-from"]'.</msg>
<status status="PASS" starttime="20210403 00:50:40.955" endtime="20210403 00:50:43.091"></status>
</kw>
<kw name="Wait Until Element Is Visible" library="SeleniumLibrary">
<doc>Waits until the element ``locator`` is visible.</doc>
<arguments>
<arg>${INPUT_DEPARTURE_MONTH}</arg>
<arg>50</arg>
</arguments>
<status status="PASS" starttime="20210403 00:50:43.091" endtime="20210403 00:50:45.119"></status>
</kw>
<kw name="Click Element" library="SeleniumLibrary">
<doc>Click the element identified by ``locator``.</doc>
<arguments>
<arg>${INPUT_DEPARTURE_MONTH}</arg>
</arguments>
<msg timestamp="20210403 00:50:45.120" level="INFO">Clicking element 'xpath://div[contains(text(), "May")]'.</msg>
<status status="PASS" starttime="20210403 00:50:45.120" endtime="20210403 00:50:47.208"></status>
</kw>
<kw name="Wait Until Element Is Visible" library="SeleniumLibrary">
<doc>Waits until the element ``locator`` is visible.</doc>
<arguments>
<arg>${INPUT_DEPARTURE_DAY}</arg>
<arg>50</arg>
</arguments>
<status status="PASS" starttime="20210403 00:50:47.209" endtime="20210403 00:50:49.235"></status>
</kw>
<kw name="Click Element" library="SeleniumLibrary">
<doc>Click the element identified by ``locator``.</doc>
<arguments>
<arg>${INPUT_DEPARTURE_DAY}</arg>
</arguments>
<msg timestamp="20210403 00:50:49.236" level="INFO">Clicking element 'xpath://div[@data-id="2021-05-02"]'.</msg>
<status status="PASS" starttime="20210403 00:50:49.236" endtime="20210403 00:50:51.391"></status>
</kw>
<kw name="Wait Until Element Is Visible" library="SeleniumLibrary">
<doc>Waits until the element ``locator`` is visible.</doc>
<arguments>
<arg>${SELECTION_RETURN_DATE}</arg>
<arg>50</arg>
</arguments>
<status status="PASS" starttime="20210403 00:50:51.391" endtime="20210403 00:50:53.417"></status>
</kw>
<kw name="Click Element" library="SeleniumLibrary">
<doc>Click the element identified by ``locator``.</doc>
<arguments>
<arg>${SELECTION_RETURN_DATE}</arg>
</arguments>
<msg timestamp="20210403 00:50:53.418" level="INFO">Clicking element 'xpath://div[@class="input-button__input ng-star-inserted"]/ancestor::div[@data-ref="input-button__dates-to"]'.</msg>
<status status="PASS" starttime="20210403 00:50:53.418" endtime="20210403 00:50:55.464"></status>
</kw>
<kw name="Wait Until Element Is Visible" library="SeleniumLibrary">
<doc>Waits until the element ``locator`` is visible.</doc>
<arguments>
<arg>${INPUT_RETURN_MONTH}</arg>
<arg>50</arg>
</arguments>
<status status="PASS" starttime="20210403 00:50:55.464" endtime="20210403 00:50:57.490"></status>
</kw>
<kw name="Click Element" library="SeleniumLibrary">
<doc>Click the element identified by ``locator``.</doc>
<arguments>
<arg>${INPUT_RETURN_MONTH}</arg>
</arguments>
<msg timestamp="20210403 00:50:57.491" level="INFO">Clicking element 'xpath://div[contains(text(), "Jun")]'.</msg>
<status status="PASS" starttime="20210403 00:50:57.490" endtime="20210403 00:50:59.575"></status>
</kw>
<kw name="Wait Until Element Is Visible" library="SeleniumLibrary">
<doc>Waits until the element ``locator`` is visible.</doc>
<arguments>
<arg>${INPUT_RETURN_DAY}</arg>
<arg>50</arg>
</arguments>
<status status="PASS" starttime="20210403 00:50:59.575" endtime="20210403 00:51:01.601"></status>
</kw>
<kw name="Click Element" library="SeleniumLibrary">
<doc>Click the element identified by ``locator``.</doc>
<arguments>
<arg>${INPUT_RETURN_DAY}</arg>
</arguments>
<msg timestamp="20210403 00:51:01.602" level="INFO">Clicking element 'xpath://div[@data-id="2021-06-16"]'.</msg>
<status status="PASS" starttime="20210403 00:51:01.601" endtime="20210403 00:51:03.746"></status>
</kw>
<status status="PASS" starttime="20210403 00:50:14.693" endtime="20210403 00:51:03.746"></status>
</kw>
<kw name="And I inform the quantity of passengers" library="FlightsPage">
<kw name="Wait Until Element Is Visible" library="SeleniumLibrary">
<doc>Waits until the element ``locator`` is visible.</doc>
<arguments>
<arg>${SELECTION_PASSENGERS}</arg>
<arg>50</arg>
</arguments>
<status status="PASS" starttime="20210403 00:51:03.747" endtime="20210403 00:51:05.775"></status>
</kw>
<kw name="Click Element" library="SeleniumLibrary">
<doc>Click the element identified by ``locator``.</doc>
<arguments>
<arg>${SELECTION_PASSENGERS}</arg>
</arguments>
<msg timestamp="20210403 00:51:05.776" level="INFO">Clicking element 'xpath://div[@class="input-button__input input-button__display-value--truncate-text ng-star-inserted"]'.</msg>
<status status="PASS" starttime="20210403 00:51:05.775" endtime="20210403 00:51:07.828"></status>
</kw>
<kw name="Wait Until Element Is Visible" library="SeleniumLibrary">
<doc>Waits until the element ``locator`` is visible.</doc>
<arguments>
<arg>${BTN_ADD_ADULT}</arg>
<arg>50</arg>
</arguments>
<status status="PASS" starttime="20210403 00:51:07.828" endtime="20210403 00:51:09.850"></status>
</kw>
<kw name="Wait Until Element Is Visible" library="SeleniumLibrary">
<doc>Waits until the element ``locator`` is visible.</doc>
<arguments>
<arg>${BTN_ADD_CHILDREN}</arg>
<arg>50</arg>
</arguments>
<status status="PASS" starttime="20210403 00:51:09.851" endtime="20210403 00:51:11.878"></status>
</kw>
<kw name="Click Element" library="SeleniumLibrary">
<doc>Click the element identified by ``locator``.</doc>
<arguments>
<arg>${BTN_ADD_ADULT}</arg>
</arguments>
<msg timestamp="20210403 00:51:11.879" level="INFO">Clicking element 'xpath://*[@id="ry-tooltip-6"]/div[2]/hp-app-controls-tooltips/fsw-controls-tooltips-container/fsw-controls-tooltips/fsw-passengers-container/fsw-passengers/fsw-passengers-picker-container/fsw-passengers-picker/ry-counter[1]/div[2]/div[3]'.</msg>
<status status="PASS" starttime="20210403 00:51:11.879" endtime="20210403 00:51:13.934"></status>
</kw>
<kw name="Click Element" library="SeleniumLibrary">
<doc>Click the element identified by ``locator``.</doc>
<arguments>
<arg>${BTN_ADD_CHILDREN}</arg>
</arguments>
<msg timestamp="20210403 00:51:13.934" level="INFO">Clicking element 'xpath://*[@id="ry-tooltip-6"]/div[2]/hp-app-controls-tooltips/fsw-controls-tooltips-container/fsw-controls-tooltips/fsw-passengers-container/fsw-passengers/fsw-passengers-picker-container/fsw-passengers-picker/ry-counter[3]/div[2]/div[3]'.</msg>
<status status="PASS" starttime="20210403 00:51:13.934" endtime="20210403 00:51:15.977"></status>
</kw>
<kw name="Wait Until Element Is Visible" library="SeleniumLibrary">
<doc>Waits until the element ``locator`` is visible.</doc>
<arguments>
<arg>${BTN_DONE_PASSENGERS}</arg>
<arg>50</arg>
</arguments>
<status status="PASS" starttime="20210403 00:51:15.978" endtime="20210403 00:51:18.003"></status>
</kw>
<kw name="Click Element" library="SeleniumLibrary">
<doc>Click the element identified by ``locator``.</doc>
<arguments>
<arg>${BTN_DONE_PASSENGERS}</arg>
</arguments>
<msg timestamp="20210403 00:51:18.004" level="INFO">Clicking element 'xpath://button[@class="passengers__confirm-button ry-button--anchor-blue ry-button--anchor"]'.</msg>
<status status="PASS" starttime="20210403 00:51:18.003" endtime="20210403 00:51:20.054"></status>
</kw>
<kw name="Click Element" library="SeleniumLibrary">
<doc>Click the element identified by ``locator``.</doc>
<arguments>
<arg>${BTN_SEARCH}</arg>
</arguments>
<msg timestamp="20210403 00:51:20.055" level="INFO">Clicking element 'xpath://button[@class="flight-search-widget__start-search ng-tns-c79-3 ng-trigger ng-trigger-collapseExpandCta ry-button--gradient-yellow"]'.</msg>
<status status="PASS" starttime="20210403 00:51:20.054" endtime="20210403 00:51:22.112"></status>
</kw>
<status status="PASS" starttime="20210403 00:51:03.746" endtime="20210403 00:51:22.113"></status>
</kw>
<kw name="When I change the dates for departure and return" library="BDDConfig">
<kw name="Run Keyword" library="BuiltIn">
<doc>Executes the given keyword with the given arguments.</doc>
<arguments>
<arg>${keyword}</arg>
</arguments>
<kw name="I change the dates for departure and return" library="FlightsPage">
<kw name="Wait Until Element Is Visible" library="SeleniumLibrary">
<doc>Waits until the element ``locator`` is visible.</doc>
<arguments>
<arg>${BTN_FIRST_DATE_SELECTED_DEPARTURE}</arg>
<arg>50</arg>
</arguments>
<status status="PASS" starttime="20210403 00:51:22.115" endtime="20210403 00:51:27.606"></status>
</kw>
<kw name="Scroll Element Into View" library="SeleniumLibrary">
<doc>Scrolls the element identified by ``locator`` into view.</doc>
<arguments>
<arg>${BTN_FIRST_DATE_SELECTED_DEPARTURE}</arg>
</arguments>
<status status="PASS" starttime="20210403 00:51:27.606" endtime="20210403 00:51:29.905"></status>
</kw>
<kw name="${index} IN RANGE [ 14 ]" type="for">
<kw name="${index} = 0" type="foritem">
<kw name="Wait Until Element Is Visible" library="SeleniumLibrary">
<doc>Waits until the element ``locator`` is visible.</doc>
<arguments>
<arg>${BTN_NEXT_RANGE_CAROUSEL_DEPARTURE}</arg>
<arg>50</arg>
</arguments>
<status status="PASS" starttime="20210403 00:51:29.906" endtime="20210403 00:51:31.931"></status>
</kw>
<kw name="Click Element" library="SeleniumLibrary">
<doc>Click the element identified by ``locator``.</doc>
<arguments>
<arg>${BTN_NEXT_RANGE_CAROUSEL_DEPARTURE}</arg>
</arguments>
<msg timestamp="20210403 00:51:31.932" level="INFO">Clicking element 'xpath://html/body/flights-root/div/div/div/div/flights-summary-container/flights-summary/div/div[1]/journey-container/journey/div/div[2]/div/carousel-container/carousel/div/button[2]'.</msg>
<status status="PASS" starttime="20210403 00:51:31.932" endtime="20210403 00:51:34.006"></status>
</kw>
<status status="PASS" starttime="20210403 00:51:29.906" endtime="20210403 00:51:34.006"></status>
</kw>
<kw name="${index} = 1" type="foritem">
<kw name="Wait Until Element Is Visible" library="SeleniumLibrary">
<doc>Waits until the element ``locator`` is visible.</doc>
<arguments>
<arg>${BTN_NEXT_RANGE_CAROUSEL_DEPARTURE}</arg>
<arg>50</arg>
</arguments>
<status status="PASS" starttime="20210403 00:51:34.006" endtime="20210403 00:51:36.027"></status>
</kw>
<kw name="Click Element" library="SeleniumLibrary">
<doc>Click the element identified by ``locator``.</doc>
<arguments>
<arg>${BTN_NEXT_RANGE_CAROUSEL_DEPARTURE}</arg>
</arguments>
<msg timestamp="20210403 00:51:36.028" level="INFO">Clicking element 'xpath://html/body/flights-root/div/div/div/div/flights-summary-container/flights-summary/div/div[1]/journey-container/journey/div/div[2]/div/carousel-container/carousel/div/button[2]'.</msg>
<status status="PASS" starttime="20210403 00:51:36.027" endtime="20210403 00:51:38.087"></status>
</kw>
<status status="PASS" starttime="20210403 00:51:34.006" endtime="20210403 00:51:38.087"></status>
</kw>
<kw name="${index} = 2" type="foritem">
<kw name="Wait Until Element Is Visible" library="SeleniumLibrary">
<doc>Waits until the element ``locator`` is visible.</doc>
<arguments>
<arg>${BTN_NEXT_RANGE_CAROUSEL_DEPARTURE}</arg>
<arg>50</arg>
</arguments>
<status status="PASS" starttime="20210403 00:51:38.087" endtime="20210403 00:51:40.110"></status>
</kw>
<kw name="Click Element" library="SeleniumLibrary">
<doc>Click the element identified by ``locator``.</doc>
<arguments>
<arg>${BTN_NEXT_RANGE_CAROUSEL_DEPARTURE}</arg>
</arguments>
<msg timestamp="20210403 00:51:40.111" level="INFO">Clicking element 'xpath://html/body/flights-root/div/div/div/div/flights-summary-container/flights-summary/div/div[1]/journey-container/journey/div/div[2]/div/carousel-container/carousel/div/button[2]'.</msg>
<status status="PASS" starttime="20210403 00:51:40.110" endtime="20210403 00:51:42.185"></status>
</kw>
<status status="PASS" starttime="20210403 00:51:38.087" endtime="20210403 00:51:42.185"></status>
</kw>
<kw name="${index} = 3" type="foritem">
<kw name="Wait Until Element Is Visible" library="SeleniumLibrary">
<doc>Waits until the element ``locator`` is visible.</doc>
<arguments>
<arg>${BTN_NEXT_RANGE_CAROUSEL_DEPARTURE}</arg>
<arg>50</arg>
</arguments>
<status status="PASS" starttime="20210403 00:51:42.186" endtime="20210403 00:51:44.211"></status>
</kw>
<kw name="Click Element" library="SeleniumLibrary">
<doc>Click the element identified by ``locator``.</doc>
<arguments>
<arg>${BTN_NEXT_RANGE_CAROUSEL_DEPARTURE}</arg>
</arguments>
<msg timestamp="20210403 00:51:44.212" level="INFO">Clicking element 'xpath://html/body/flights-root/div/div/div/div/flights-summary-container/flights-summary/div/div[1]/journey-container/journey/div/div[2]/div/carousel-container/carousel/div/button[2]'.</msg>
<status status="PASS" starttime="20210403 00:51:44.212" endtime="20210403 00:51:46.275"></status>
</kw>
<status status="PASS" starttime="20210403 00:51:42.186" endtime="20210403 00:51:46.275"></status>
</kw>
<kw name="${index} = 4" type="foritem">
<kw name="Wait Until Element Is Visible" library="SeleniumLibrary">
<doc>Waits until the element ``locator`` is visible.</doc>
<arguments>
<arg>${BTN_NEXT_RANGE_CAROUSEL_DEPARTURE}</arg>
<arg>50</arg>
</arguments>
<status status="PASS" starttime="20210403 00:51:46.276" endtime="20210403 00:51:48.307"></status>
</kw>
<kw name="Click Element" library="SeleniumLibrary">
<doc>Click the element identified by ``locator``.</doc>
<arguments>
<arg>${BTN_NEXT_RANGE_CAROUSEL_DEPARTURE}</arg>
</arguments>
<msg timestamp="20210403 00:51:48.308" level="INFO">Clicking element 'xpath://html/body/flights-root/div/div/div/div/flights-summary-container/flights-summary/div/div[1]/journey-container/journey/div/div[2]/div/carousel-container/carousel/div/button[2]'.</msg>
<status status="PASS" starttime="20210403 00:51:48.307" endtime="20210403 00:51:50.361"></status>
</kw>
<status status="PASS" starttime="20210403 00:51:46.276" endtime="20210403 00:51:50.361"></status>
</kw>
<kw name="${index} = 5" type="foritem">
<kw name="Wait Until Element Is Visible" library="SeleniumLibrary">
<doc>Waits until the element ``locator`` is visible.</doc>
<arguments>
<arg>${BTN_NEXT_RANGE_CAROUSEL_DEPARTURE}</arg>
<arg>50</arg>
</arguments>
<status status="PASS" starttime="20210403 00:51:50.361" endtime="20210403 00:51:52.385"></status>
</kw>
<kw name="Click Element" library="SeleniumLibrary">
<doc>Click the element identified by ``locator``.</doc>
<arguments>
<arg>${BTN_NEXT_RANGE_CAROUSEL_DEPARTURE}</arg>
</arguments>
<msg timestamp="20210403 00:51:52.386" level="INFO">Clicking element 'xpath://html/body/flights-root/div/div/div/div/flights-summary-container/flights-summary/div/div[1]/journey-container/journey/div/div[2]/div/carousel-container/carousel/div/button[2]'.</msg>
<status status="PASS" starttime="20210403 00:51:52.386" endtime="20210403 00:51:54.443"></status>
</kw>
<status status="PASS" starttime="20210403 00:51:50.361" endtime="20210403 00:51:54.443"></status>
</kw>
<kw name="${index} = 6" type="foritem">
<kw name="Wait Until Element Is Visible" library="SeleniumLibrary">
<doc>Waits until the element ``locator`` is visible.</doc>
<arguments>
<arg>${BTN_NEXT_RANGE_CAROUSEL_DEPARTURE}</arg>
<arg>50</arg>
</arguments>
<status status="PASS" starttime="20210403 00:51:54.444" endtime="20210403 00:51:56.471"></status>
</kw>
<kw name="Click Element" library="SeleniumLibrary">
<doc>Click the element identified by ``locator``.</doc>
<arguments>
<arg>${BTN_NEXT_RANGE_CAROUSEL_DEPARTURE}</arg>
</arguments>
<msg timestamp="20210403 00:51:56.472" level="INFO">Clicking element 'xpath://html/body/flights-root/div/div/div/div/flights-summary-container/flights-summary/div/div[1]/journey-container/journey/div/div[2]/div/carousel-container/carousel/div/button[2]'.</msg>
<status status="PASS" starttime="20210403 00:51:56.471" endtime="20210403 00:51:58.528"></status>
</kw>
<status status="PASS" starttime="20210403 00:51:54.443" endtime="20210403 00:51:58.528"></status>
</kw>
<kw name="${index} = 7" type="foritem">
<kw name="Wait Until Element Is Visible" library="SeleniumLibrary">
<doc>Waits until the element ``locator`` is visible.</doc>
<arguments>
<arg>${BTN_NEXT_RANGE_CAROUSEL_DEPARTURE}</arg>
<arg>50</arg>
</arguments>
<status status="PASS" starttime="20210403 00:51:58.529" endtime="20210403 00:52:00.550"></status>
</kw>
<kw name="Click Element" library="SeleniumLibrary">
<doc>Click the element identified by ``locator``.</doc>
<arguments>
<arg>${BTN_NEXT_RANGE_CAROUSEL_DEPARTURE}</arg>
</arguments>
<msg timestamp="20210403 00:52:00.551" level="INFO">Clicking element 'xpath://html/body/flights-root/div/div/div/div/flights-summary-container/flights-summary/div/div[1]/journey-container/journey/div/div[2]/div/carousel-container/carousel/div/button[2]'.</msg>
<status status="PASS" starttime="20210403 00:52:00.550" endtime="20210403 00:52:02.609"></status>
</kw>
<status status="PASS" starttime="20210403 00:51:58.528" endtime="20210403 00:52:02.609"></status>
</kw>
<kw name="${index} = 8" type="foritem">
<kw name="Wait Until Element Is Visible" library="SeleniumLibrary">
<doc>Waits until the element ``locator`` is visible.</doc>
<arguments>
<arg>${BTN_NEXT_RANGE_CAROUSEL_DEPARTURE}</arg>
<arg>50</arg>
</arguments>
<status status="PASS" starttime="20210403 00:52:02.609" endtime="20210403 00:52:04.632"></status>
</kw>
<kw name="Click Element" library="SeleniumLibrary">
<doc>Click the element identified by ``locator``.</doc>
<arguments>
<arg>${BTN_NEXT_RANGE_CAROUSEL_DEPARTURE}</arg>
</arguments>
<msg timestamp="20210403 00:52:04.632" level="INFO">Clicking element 'xpath://html/body/flights-root/div/div/div/div/flights-summary-container/flights-summary/div/div[1]/journey-container/journey/div/div[2]/div/carousel-container/carousel/div/button[2]'.</msg>
<status status="PASS" starttime="20210403 00:52:04.632" endtime="20210403 00:52:06.694"></status>
</kw>
<status status="PASS" starttime="20210403 00:52:02.609" endtime="20210403 00:52:06.694"></status>
</kw>
<kw name="${index} = 9" type="foritem">
<kw name="Wait Until Element Is Visible" library="SeleniumLibrary">
<doc>Waits until the element ``locator`` is visible.</doc>
<arguments>
<arg>${BTN_NEXT_RANGE_CAROUSEL_DEPARTURE}</arg>
<arg>50</arg>
</arguments>
<status status="PASS" starttime="20210403 00:52:06.695" endtime="20210403 00:52:08.721"></status>
</kw>
<kw name="Click Element" library="SeleniumLibrary">
<doc>Click the element identified by ``locator``.</doc>
<arguments>
<arg>${BTN_NEXT_RANGE_CAROUSEL_DEPARTURE}</arg>
</arguments>
<msg timestamp="20210403 00:52:08.722" level="INFO">Clicking element 'xpath://html/body/flights-root/div/div/div/div/flights-summary-container/flights-summary/div/div[1]/journey-container/journey/div/div[2]/div/carousel-container/carousel/div/button[2]'.</msg>
<status status="PASS" starttime="20210403 00:52:08.722" endtime="20210403 00:52:10.777"></status>
</kw>
<status status="PASS" starttime="20210403 00:52:06.694" endtime="20210403 00:52:10.777"></status>
</kw>
<kw name="${index} = 10" type="foritem">
<kw name="Wait Until Element Is Visible" library="SeleniumLibrary">
<doc>Waits until the element ``locator`` is visible.</doc>
<arguments>
<arg>${BTN_NEXT_RANGE_CAROUSEL_DEPARTURE}</arg>
<arg>50</arg>
</arguments>
<status status="PASS" starttime="20210403 00:52:10.778" endtime="20210403 00:52:12.800"></status>
</kw>
<kw name="Click Element" library="SeleniumLibrary">
<doc>Click the element identified by ``locator``.</doc>
<arguments>
<arg>${BTN_NEXT_RANGE_CAROUSEL_DEPARTURE}</arg>
</arguments>
<msg timestamp="20210403 00:52:12.801" level="INFO">Clicking element 'xpath://html/body/flights-root/div/div/div/div/flights-summary-container/flights-summary/div/div[1]/journey-container/journey/div/div[2]/div/carousel-container/carousel/div/button[2]'.</msg>
<status status="PASS" starttime="20210403 00:52:12.800" endtime="20210403 00:52:14.857"></status>
</kw>
<status status="PASS" starttime="20210403 00:52:10.778" endtime="20210403 00:52:14.857"></status>
</kw>
<kw name="${index} = 11" type="foritem">
<kw name="Wait Until Element Is Visible" library="SeleniumLibrary">
<doc>Waits until the element ``locator`` is visible.</doc>
<arguments>
<arg>${BTN_NEXT_RANGE_CAROUSEL_DEPARTURE}</arg>
<arg>50</arg>
</arguments>
<status status="PASS" starttime="20210403 00:52:14.857" endtime="20210403 00:52:16.877"></status>
</kw>
<kw name="Click Element" library="SeleniumLibrary">
<doc>Click the element identified by ``locator``.</doc>
<arguments>
<arg>${BTN_NEXT_RANGE_CAROUSEL_DEPARTURE}</arg>
</arguments>
<msg timestamp="20210403 00:52:16.878" level="INFO">Clicking element 'xpath://html/body/flights-root/div/div/div/div/flights-summary-container/flights-summary/div/div[1]/journey-container/journey/div/div[2]/div/carousel-container/carousel/div/button[2]'.</msg>
<status status="PASS" starttime="20210403 00:52:16.878" endtime="20210403 00:52:18.931"></status>
</kw>
<status status="PASS" starttime="20210403 00:52:14.857" endtime="20210403 00:52:18.932"></status>
</kw>
<kw name="${index} = 12" type="foritem">
<kw name="Wait Until Element Is Visible" library="SeleniumLibrary">
<doc>Waits until the element ``locator`` is visible.</doc>
<arguments>
<arg>${BTN_NEXT_RANGE_CAROUSEL_DEPARTURE}</arg>
<arg>50</arg>
</arguments>
<status status="PASS" starttime="20210403 00:52:18.932" endtime="20210403 00:52:20.954"></status>
</kw>
<kw name="Click Element" library="SeleniumLibrary">
<doc>Click the element identified by ``locator``.</doc>
<arguments>
<arg>${BTN_NEXT_RANGE_CAROUSEL_DEPARTURE}</arg>
</arguments>
<msg timestamp="20210403 00:52:20.955" level="INFO">Clicking element 'xpath://html/body/flights-root/div/div/div/div/flights-summary-container/flights-summary/div/div[1]/journey-container/journey/div/div[2]/div/carousel-container/carousel/div/button[2]'.</msg>
<status status="PASS" starttime="20210403 00:52:20.954" endtime="20210403 00:52:23.011"></status>
</kw>
<status status="PASS" starttime="20210403 00:52:18.932" endtime="20210403 00:52:23.011"></status>
</kw>
<kw name="${index} = 13" type="foritem">
<kw name="Wait Until Element Is Visible" library="SeleniumLibrary">
<doc>Waits until the element ``locator`` is visible.</doc>
<arguments>
<arg>${BTN_NEXT_RANGE_CAROUSEL_DEPARTURE}</arg>
<arg>50</arg>
</arguments>
<status status="PASS" starttime="20210403 00:52:23.012" endtime="20210403 00:52:25.031"></status>
</kw>
<kw name="Click Element" library="SeleniumLibrary">
<doc>Click the element identified by ``locator``.</doc>
<arguments>
<arg>${BTN_NEXT_RANGE_CAROUSEL_DEPARTURE}</arg>
</arguments>
<msg timestamp="20210403 00:52:25.032" level="INFO">Clicking element 'xpath://html/body/flights-root/div/div/div/div/flights-summary-container/flights-summary/div/div[1]/journey-container/journey/div/div[2]/div/carousel-container/carousel/div/button[2]'.</msg>
<status status="PASS" starttime="20210403 00:52:25.032" endtime="20210403 00:52:27.090"></status>
</kw>
<status status="PASS" starttime="20210403 00:52:23.011" endtime="20210403 00:52:27.090"></status>
</kw>
<status status="PASS" starttime="20210403 00:51:29.905" endtime="20210403 00:52:27.090"></status>
</kw>
<kw name="Wait Until Element Is Visible" library="SeleniumLibrary">
<doc>Waits until the element ``locator`` is visible.</doc>
<arguments>
<arg>${BTN_NEW_DATE_SELECTED_DEPARTURE}</arg>
<arg>50</arg>
</arguments>
<status status="PASS" starttime="20210403 00:52:27.091" endtime="20210403 00:52:29.117"></status>
</kw>
<kw name="Click Element" library="SeleniumLibrary">
<doc>Click the element identified by ``locator``.</doc>
<arguments>
<arg>${BTN_NEW_DATE_SELECTED_DEPARTURE}</arg>
</arguments>
<msg timestamp="20210403 00:52:29.118" level="INFO">Clicking element 'xpath://html/body/flights-root/div/div/div/div/flights-summary-container/flights-summary/div/div[1]/journey-container/journey/div/div[2]/div/carousel-container/carousel/div/ul/li[3]/carousel-item/button'.</msg>
<status status="PASS" starttime="20210403 00:52:29.117" endtime="20210403 00:52:31.267"></status>
</kw>
<kw name="Wait Until Element Is Visible" library="SeleniumLibrary">
<doc>Waits until the element ``locator`` is visible.</doc>
<arguments>
<arg>${BTN_FLIGHT_TO_DEPARTURE}</arg>
<arg>50</arg>
</arguments>
<status status="PASS" starttime="20210403 00:52:31.267" endtime="20210403 00:52:33.300"></status>
</kw>
<kw name="Scroll Element Into View" library="SeleniumLibrary">
<doc>Scrolls the element identified by ``locator`` into view.</doc>
<arguments>
<arg>${BTN_FLIGHT_TO_DEPARTURE}</arg>
</arguments>
<status status="PASS" starttime="20210403 00:52:33.300" endtime="20210403 00:52:35.587"></status>
</kw>
<kw name="Click Element" library="SeleniumLibrary">
<doc>Click the element identified by ``locator``.</doc>
<arguments>
<arg>${BTN_FLIGHT_TO_DEPARTURE}</arg>
</arguments>
<msg timestamp="20210403 00:52:35.588" level="INFO">Clicking element 'xpath://html/body/flights-root/div/div/div/div/flights-summary-container/flights-summary/div/div[1]/journey-container/journey/flight-list/div/flight-card'.</msg>
<status status="PASS" starttime="20210403 00:52:35.587" endtime="20210403 00:52:37.683"></status>
</kw>
<kw name="Wait Until Element Is Visible" library="SeleniumLibrary">
<doc>Waits until the element ``locator`` is visible.</doc>
<arguments>
<arg>${BTN_FLIGHT_FARE_TO_DEPARTURE}</arg>
<arg>50</arg>
</arguments>
<status status="PASS" starttime="20210403 00:52:37.683" endtime="20210403 00:52:40.924"></status>
</kw>
<kw name="Scroll Element Into View" library="SeleniumLibrary">
<doc>Scrolls the element identified by ``locator`` into view.</doc>
<arguments>
<arg>${BTN_FLIGHT_FARE_TO_DEPARTURE}</arg>
</arguments>
<status status="PASS" starttime="20210403 00:52:40.924" endtime="20210403 00:52:43.219"></status>
</kw>
<kw name="Click Element" library="SeleniumLibrary">
<doc>Click the element identified by ``locator``.</doc>
<arguments>
<arg>${BTN_FLIGHT_FARE_TO_DEPARTURE}</arg>
</arguments>
<msg timestamp="20210403 00:52:43.220" level="INFO">Clicking element 'xpath://html/body/flights-root/div/div/div/div/flights-summary-container/flights-summary/div/div[1]/journey-container/journey/flight-list/div/flight-card/div/div[3]/fare-table-container/fare-table/div[2]/div[1]'.</msg>
<status status="PASS" starttime="20210403 00:52:43.219" endtime="20210403 00:52:45.305"></status>
</kw>
<kw name="Wait Until Element Is Visible" library="SeleniumLibrary">
<doc>Waits until the element ``locator`` is visible.</doc>
<arguments>
<arg>${BTN_FIRST_DATE_SELECTED_RETURN}</arg>
<arg>50</arg>
</arguments>
<status status="PASS" starttime="20210403 00:52:45.305" endtime="20210403 00:52:47.354"></status>
</kw>
<kw name="Scroll Element Into View" library="SeleniumLibrary">
<doc>Scrolls the element identified by ``locator`` into view.</doc>
<arguments>
<arg>${BTN_FIRST_DATE_SELECTED_RETURN}</arg>
</arguments>
<status status="PASS" starttime="20210403 00:52:47.355" endtime="20210403 00:52:49.651"></status>
</kw>
<kw name="${index} IN RANGE [ 10 ]" type="for">
<kw name="${index} = 0" type="foritem">
<kw name="Wait Until Element Is Visible" library="SeleniumLibrary">
<doc>Waits until the element ``locator`` is visible.</doc>
<arguments>
<arg>${BTN_NEXT_RANGE_CAROUSEL_RETURN}</arg>
<arg>50</arg>
</arguments>
<status status="PASS" starttime="20210403 00:52:49.652" endtime="20210403 00:52:51.679"></status>
</kw>
<kw name="Click Element" library="SeleniumLibrary">
<doc>Click the element identified by ``locator``.</doc>
<arguments>
<arg>${BTN_NEXT_RANGE_CAROUSEL_RETURN}</arg>
</arguments>
<msg timestamp="20210403 00:52:51.680" level="INFO">Clicking element 'xpath://html/body/flights-root/div/div/div/div/flights-summary-container/flights-summary/div/div[2]/journey-container/journey/div/div[2]/div/carousel-container/carousel/div/button[2]'.</msg>
<status status="PASS" starttime="20210403 00:52:51.679" endtime="20210403 00:52:53.738"></status>
</kw>
<status status="PASS" starttime="20210403 00:52:49.652" endtime="20210403 00:52:53.738"></status>
</kw>
<kw name="${index} = 1" type="foritem">
<kw name="Wait Until Element Is Visible" library="SeleniumLibrary">
<doc>Waits until the element ``locator`` is visible.</doc>
<arguments>
<arg>${BTN_NEXT_RANGE_CAROUSEL_RETURN}</arg>
<arg>50</arg>
</arguments>
<status status="PASS" starttime="20210403 00:52:53.739" endtime="20210403 00:52:55.766"></status>
</kw>
<kw name="Click Element" library="SeleniumLibrary">
<doc>Click the element identified by ``locator``.</doc>
<arguments>
<arg>${BTN_NEXT_RANGE_CAROUSEL_RETURN}</arg>
</arguments>
<msg timestamp="20210403 00:52:55.767" level="INFO">Clicking element 'xpath://html/body/flights-root/div/div/div/div/flights-summary-container/flights-summary/div/div[2]/journey-container/journey/div/div[2]/div/carousel-container/carousel/div/button[2]'.</msg>
<status status="PASS" starttime="20210403 00:52:55.766" endtime="20210403 00:52:57.819"></status>
</kw>
<status status="PASS" starttime="20210403 00:52:53.738" endtime="20210403 00:52:57.819"></status>
</kw>
<kw name="${index} = 2" type="foritem">
<kw name="Wait Until Element Is Visible" library="SeleniumLibrary">
<doc>Waits until the element ``locator`` is visible.</doc>
<arguments>
<arg>${BTN_NEXT_RANGE_CAROUSEL_RETURN}</arg>
<arg>50</arg>
</arguments>
<status status="PASS" starttime="20210403 00:52:57.820" endtime="20210403 00:52:59.843"></status>
</kw>
<kw name="Click Element" library="SeleniumLibrary">
<doc>Click the element identified by ``locator``.</doc>
<arguments>
<arg>${BTN_NEXT_RANGE_CAROUSEL_RETURN}</arg>
</arguments>
<msg timestamp="20210403 00:52:59.844" level="INFO">Clicking element 'xpath://html/body/flights-root/div/div/div/div/flights-summary-container/flights-summary/div/div[2]/journey-container/journey/div/div[2]/div/carousel-container/carousel/div/button[2]'.</msg>
<status status="PASS" starttime="20210403 00:52:59.844" endtime="20210403 00:53:01.902"></status>
</kw>
<status status="PASS" starttime="20210403 00:52:57.820" endtime="20210403 00:53:01.902"></status>
</kw>
<kw name="${index} = 3" type="foritem">
<kw name="Wait Until Element Is Visible" library="SeleniumLibrary">
<doc>Waits until the element ``locator`` is visible.</doc>
<arguments>
<arg>${BTN_NEXT_RANGE_CAROUSEL_RETURN}</arg>
<arg>50</arg>
</arguments>
<status status="PASS" starttime="20210403 00:53:01.902" endtime="20210403 00:53:03.922"></status>
</kw>
<kw name="Click Element" library="SeleniumLibrary">
<doc>Click the element identified by ``locator``.</doc>
<arguments>
<arg>${BTN_NEXT_RANGE_CAROUSEL_RETURN}</arg>
</arguments>
<msg timestamp="20210403 00:53:03.923" level="INFO">Clicking element 'xpath://html/body/flights-root/div/div/div/div/flights-summary-container/flights-summary/div/div[2]/journey-container/journey/div/div[2]/div/carousel-container/carousel/div/button[2]'.</msg>
<status status="PASS" starttime="20210403 00:53:03.923" endtime="20210403 00:53:05.976"></status>
</kw>
<status status="PASS" starttime="20210403 00:53:01.902" endtime="20210403 00:53:05.976"></status>
</kw>
<kw name="${index} = 4" type="foritem">
<kw name="Wait Until Element Is Visible" library="SeleniumLibrary">
<doc>Waits until the element ``locator`` is visible.</doc>
<arguments>
<arg>${BTN_NEXT_RANGE_CAROUSEL_RETURN}</arg>
<arg>50</arg>
</arguments>
<status status="PASS" starttime="20210403 00:53:05.976" endtime="20210403 00:53:07.998"></status>
</kw>
<kw name="Click Element" library="SeleniumLibrary">
<doc>Click the element identified by ``locator``.</doc>
<arguments>
<arg>${BTN_NEXT_RANGE_CAROUSEL_RETURN}</arg>
</arguments>
<msg timestamp="20210403 00:53:07.999" level="INFO">Clicking element 'xpath://html/body/flights-root/div/div/div/div/flights-summary-container/flights-summary/div/div[2]/journey-container/journey/div/div[2]/div/carousel-container/carousel/div/button[2]'.</msg>
<status status="PASS" starttime="20210403 00:53:07.999" endtime="20210403 00:53:10.055"></status>
</kw>
<status status="PASS" starttime="20210403 00:53:05.976" endtime="20210403 00:53:10.055"></status>
</kw>
<kw name="${index} = 5" type="foritem">
<kw name="Wait Until Element Is Visible" library="SeleniumLibrary">
<doc>Waits until the element ``locator`` is visible.</doc>
<arguments>
<arg>${BTN_NEXT_RANGE_CAROUSEL_RETURN}</arg>
<arg>50</arg>
</arguments>
<status status="PASS" starttime="20210403 00:53:10.056" endtime="20210403 00:53:12.079"></status>
</kw>
<kw name="Click Element" library="SeleniumLibrary">
<doc>Click the element identified by ``locator``.</doc>
<arguments>
<arg>${BTN_NEXT_RANGE_CAROUSEL_RETURN}</arg>
</arguments>
<msg timestamp="20210403 00:53:12.080" level="INFO">Clicking element 'xpath://html/body/flights-root/div/div/div/div/flights-summary-container/flights-summary/div/div[2]/journey-container/journey/div/div[2]/div/carousel-container/carousel/div/button[2]'.</msg>
<status status="PASS" starttime="20210403 00:53:12.079" endtime="20210403 00:53:14.134"></status>
</kw>
<status status="PASS" starttime="20210403 00:53:10.055" endtime="20210403 00:53:14.134"></status>
</kw>
<kw name="${index} = 6" type="foritem">
<kw name="Wait Until Element Is Visible" library="SeleniumLibrary">
<doc>Waits until the element ``locator`` is visible.</doc>
<arguments>
<arg>${BTN_NEXT_RANGE_CAROUSEL_RETURN}</arg>
<arg>50</arg>
</arguments>
<status status="PASS" starttime="20210403 00:53:14.135" endtime="20210403 00:53:16.157"></status>
</kw>
<kw name="Click Element" library="SeleniumLibrary">
<doc>Click the element identified by ``locator``.</doc>
<arguments>
<arg>${BTN_NEXT_RANGE_CAROUSEL_RETURN}</arg>
</arguments>
<msg timestamp="20210403 00:53:16.158" level="INFO">Clicking element 'xpath://html/body/flights-root/div/div/div/div/flights-summary-container/flights-summary/div/div[2]/journey-container/journey/div/div[2]/div/carousel-container/carousel/div/button[2]'.</msg>
<status status="PASS" starttime="20210403 00:53:16.158" endtime="20210403 00:53:18.208"></status>
</kw>
<status status="PASS" starttime="20210403 00:53:14.135" endtime="20210403 00:53:18.209"></status>
</kw>
<kw name="${index} = 7" type="foritem">
<kw name="Wait Until Element Is Visible" library="SeleniumLibrary">
<doc>Waits until the element ``locator`` is visible.</doc>
<arguments>
<arg>${BTN_NEXT_RANGE_CAROUSEL_RETURN}</arg>
<arg>50</arg>
</arguments>
<status status="PASS" starttime="20210403 00:53:18.209" endtime="20210403 00:53:20.230"></status>
</kw>
<kw name="Click Element" library="SeleniumLibrary">
<doc>Click the element identified by ``locator``.</doc>
<arguments>
<arg>${BTN_NEXT_RANGE_CAROUSEL_RETURN}</arg>
</arguments>
<msg timestamp="20210403 00:53:20.231" level="INFO">Clicking element 'xpath://html/body/flights-root/div/div/div/div/flights-summary-container/flights-summary/div/div[2]/journey-container/journey/div/div[2]/div/carousel-container/carousel/div/button[2]'.</msg>
<status status="PASS" starttime="20210403 00:53:20.231" endtime="20210403 00:53:22.287"></status>
</kw>
<status status="PASS" starttime="20210403 00:53:18.209" endtime="20210403 00:53:22.287"></status>
</kw>
<kw name="${index} = 8" type="foritem">
<kw name="Wait Until Element Is Visible" library="SeleniumLibrary">
<doc>Waits until the element ``locator`` is visible.</doc>
<arguments>
<arg>${BTN_NEXT_RANGE_CAROUSEL_RETURN}</arg>
<arg>50</arg>
</arguments>
<status status="PASS" starttime="20210403 00:53:22.288" endtime="20210403 00:53:24.310"></status>
</kw>
<kw name="Click Element" library="SeleniumLibrary">
<doc>Click the element identified by ``locator``.</doc>
<arguments>
<arg>${BTN_NEXT_RANGE_CAROUSEL_RETURN}</arg>
</arguments>
<msg timestamp="20210403 00:53:24.311" level="INFO">Clicking element 'xpath://html/body/flights-root/div/div/div/div/flights-summary-container/flights-summary/div/div[2]/journey-container/journey/div/div[2]/div/carousel-container/carousel/div/button[2]'.</msg>
<status status="PASS" starttime="20210403 00:53:24.310" endtime="20210403 00:53:26.365"></status>
</kw>
<status status="PASS" starttime="20210403 00:53:22.288" endtime="20210403 00:53:26.365"></status>
</kw>
<kw name="${index} = 9" type="foritem">
<kw name="Wait Until Element Is Visible" library="SeleniumLibrary">
<doc>Waits until the element ``locator`` is visible.</doc>
<arguments>
<arg>${BTN_NEXT_RANGE_CAROUSEL_RETURN}</arg>
<arg>50</arg>
</arguments>
<status status="PASS" starttime="20210403 00:53:26.365" endtime="20210403 00:53:28.390"></status>
</kw>
<kw name="Click Element" library="SeleniumLibrary">
<doc>Click the element identified by ``locator``.</doc>
<arguments>
<arg>${BTN_NEXT_RANGE_CAROUSEL_RETURN}</arg>
</arguments>
<msg timestamp="20210403 00:53:28.391" level="INFO">Clicking element 'xpath://html/body/flights-root/div/div/div/div/flights-summary-container/flights-summary/div/div[2]/journey-container/journey/div/div[2]/div/carousel-container/carousel/div/button[2]'.</msg>
<status status="PASS" starttime="20210403 00:53:28.391" endtime="20210403 00:53:30.441"></status>
</kw>
<status status="PASS" starttime="20210403 00:53:26.365" endtime="20210403 00:53:30.442"></status>
</kw>
<status status="PASS" starttime="20210403 00:52:49.651" endtime="20210403 00:53:30.442"></status>
</kw>
<kw name="Wait Until Element Is Visible" library="SeleniumLibrary">
<doc>Waits until the element ``locator`` is visible.</doc>
<arguments>
<arg>${BTN_NEW_DATE_SELECTED_RETURN}</arg>
<arg>50</arg>
</arguments>
<status status="PASS" starttime="20210403 00:53:30.442" endtime="20210403 00:53:32.470"></status>
</kw>
<kw name="Click Element" library="SeleniumLibrary">
<doc>Click the element identified by ``locator``.</doc>
<arguments>
<arg>${BTN_NEW_DATE_SELECTED_RETURN}</arg>
</arguments>
<msg timestamp="20210403 00:53:32.471" level="INFO">Clicking element 'xpath://html/body/flights-root/div/div/div/div/flights-summary-container/flights-summary/div/div[2]/journey-container/journey/div/div[2]/div/carousel-container/carousel/div/ul/li[2]/carousel-item/button'.</msg>
<status status="PASS" starttime="20210403 00:53:32.470" endtime="20210403 00:53:34.539"></status>
</kw>
<kw name="Wait Until Element Is Visible" library="SeleniumLibrary">
<doc>Waits until the element ``locator`` is visible.</doc>
<arguments>
<arg>${BTN_FLIGHT_TO_RETURN}</arg>
<arg>50</arg>
</arguments>
<status status="PASS" starttime="20210403 00:53:34.539" endtime="20210403 00:53:36.558"></status>
</kw>
<kw name="Scroll Element Into View" library="SeleniumLibrary">
<doc>Scrolls the element identified by ``locator`` into view.</doc>
<arguments>
<arg>${BTN_FLIGHT_TO_RETURN}</arg>
</arguments>
<status status="PASS" starttime="20210403 00:53:36.558" endtime="20210403 00:53:38.834"></status>
</kw>
<kw name="Click Element" library="SeleniumLibrary">
<doc>Click the element identified by ``locator``.</doc>
<arguments>
<arg>${BTN_FLIGHT_TO_RETURN}</arg>
</arguments>
<msg timestamp="20210403 00:53:38.835" level="INFO">Clicking element 'xpath://html/body/flights-root/div/div/div/div/flights-summary-container/flights-summary/div/div[2]/journey-container/journey/flight-list/div'.</msg>
<status status="PASS" starttime="20210403 00:53:38.834" endtime="20210403 00:53:40.906"></status>
</kw>
<kw name="Wait Until Element Is Visible" library="SeleniumLibrary">
<doc>Waits until the element ``locator`` is visible.</doc>
<arguments>
<arg>${BTN_FLIGHT_FARE_TO_RETURN}</arg>
<arg>50</arg>
</arguments>
<status status="PASS" starttime="20210403 00:53:40.907" endtime="20210403 00:53:42.957"></status>
</kw>
<kw name="Scroll Element Into View" library="SeleniumLibrary">
<doc>Scrolls the element identified by ``locator`` into view.</doc>
<arguments>
<arg>${BTN_FLIGHT_FARE_TO_RETURN}</arg>
</arguments>
<status status="PASS" starttime="20210403 00:53:42.957" endtime="20210403 00:53:45.252"></status>
</kw>
<kw name="Click Element" library="SeleniumLibrary">
<doc>Click the element identified by ``locator``.</doc>
<arguments>
<arg>${BTN_FLIGHT_FARE_TO_RETURN}</arg>
</arguments>
<msg timestamp="20210403 00:53:45.253" level="INFO">Clicking element 'xpath://html/body/flights-root/div/div/div/div/flights-summary-container/flights-summary/div/div[2]/journey-container/journey/flight-list/div/flight-card/div/div[3]/fare-table-container/fare-table/div[2]/div[1]'.</msg>
<status status="PASS" starttime="20210403 00:53:45.252" endtime="20210403 00:53:47.337"></status>
</kw>
<status status="PASS" starttime="20210403 00:51:22.114" endtime="20210403 00:53:47.338"></status>
</kw>
<status status="PASS" starttime="20210403 00:51:22.114" endtime="20210403 00:53:47.338"></status>
</kw>
<status status="PASS" starttime="20210403 00:51:22.113" endtime="20210403 00:53:47.338"></status>
</kw>
<kw name="And I choose to log in later on the company website" library="FlightsPage">
<kw name="Wait Until Element Is Visible" library="SeleniumLibrary">
<doc>Waits until the element ``locator`` is visible.</doc>
<arguments>
<arg>${LNK_LOGIN_COMPANY_LATER}</arg>
<arg>50</arg>
</arguments>
<status status="PASS" starttime="20210403 00:53:47.339" endtime="20210403 00:53:51.801"></status>
</kw>
<kw name="Click Element" library="SeleniumLibrary">
<doc>Click the element identified by ``locator``.</doc>
<arguments>
<arg>${LNK_LOGIN_COMPANY_LATER}</arg>
</arguments>
<msg timestamp="20210403 00:53:51.802" level="INFO">Clicking element 'xpath://span[@class="login-touchpoint__login-later h3"]'.</msg>
<status status="PASS" starttime="20210403 00:53:51.801" endtime="20210403 00:53:53.855"></status>
</kw>
<status status="PASS" starttime="20210403 00:53:47.339" endtime="20210403 00:53:53.855"></status>
</kw>
<kw name="And I inform the passengers details" library="FlightsPage">
<kw name="Wait Until Element Is Visible" library="SeleniumLibrary">
<doc>Waits until the element ``locator`` is visible.</doc>
<arguments>
<arg>${LIST_TITLE_FIRST_PAX}</arg>
<arg>50</arg>
</arguments>
<status status="PASS" starttime="20210403 00:53:53.856" endtime="20210403 00:53:55.891"></status>
</kw>
<kw name="Wait Until Element Is Visible" library="SeleniumLibrary">
<doc>Waits until the element ``locator`` is visible.</doc>
<arguments>
<arg>${TXT_FIRST_NAME_FIRST_PAX}</arg>
<arg>50</arg>
</arguments>
<status status="PASS" starttime="20210403 00:53:55.892" endtime="20210403 00:53:57.918"></status>
</kw>
<kw name="Wait Until Element Is Visible" library="SeleniumLibrary">
<doc>Waits until the element ``locator`` is visible.</doc>
<arguments>
<arg>${TXT_LAST_NAME_FIRST_PAX}</arg>
<arg>50</arg>
</arguments>
<status status="PASS" starttime="20210403 00:53:57.919" endtime="20210403 00:53:59.953"></status>
</kw>
<kw name="Scroll Element Into View" library="SeleniumLibrary">
<doc>Scrolls the element identified by ``locator`` into view.</doc>
<arguments>
<arg>${LIST_TITLE_FIRST_PAX}</arg>
</arguments>
<status status="PASS" starttime="20210403 00:53:59.953" endtime="20210403 00:54:02.250"></status>
</kw>
<kw name="Click Element" library="SeleniumLibrary">
<doc>Click the element identified by ``locator``.</doc>
<arguments>
<arg>${LIST_TITLE_FIRST_PAX}</arg>
</arguments>
<msg timestamp="20210403 00:54:02.251" level="INFO">Clicking element 'xpath://*[@id="title-0-error-message"]/div[2]/button'.</msg>
<status status="PASS" starttime="20210403 00:54:02.250" endtime="20210403 00:54:04.313"></status>
</kw>
<kw name="Click Element" library="SeleniumLibrary">
<doc>Click the element identified by ``locator``.</doc>
<arguments>
<arg>${LIST_OPTION_FIRST_PAX}</arg>
</arguments>
<msg timestamp="20210403 00:54:04.314" level="INFO">Clicking element 'xpath://*[@id="title-0-error-message"]/div[2]/div/div/ry-dropdown-item[3]/button/div/div[1]'.</msg>
<status status="PASS" starttime="20210403 00:54:04.314" endtime="20210403 00:54:06.381"></status>
</kw>
<kw name="Input Text" library="SeleniumLibrary">
<doc>Types the given ``text`` into the text field identified by ``locator``.</doc>
<arguments>
<arg>${TXT_FIRST_NAME_FIRST_PAX}</arg>
<arg>SONIA</arg>
</arguments>
<msg timestamp="20210403 00:54:06.382" level="INFO">Typing text 'SONIA' into text field 'xpath://input[@id="formState.passengers.ADT-0.name"]'.</msg>
<status status="PASS" starttime="20210403 00:54:06.382" endtime="20210403 00:54:09.510"></status>
</kw>
<kw name="Input Text" library="SeleniumLibrary">
<doc>Types the given ``text`` into the text field identified by ``locator``.</doc>
<arguments>
<arg>${TXT_LAST_NAME_FIRST_PAX}</arg>
<arg>PEREIRA</arg>
</arguments>
<msg timestamp="20210403 00:54:09.511" level="INFO">Typing text 'PEREIRA' into text field 'xpath://input[@id="formState.passengers.ADT-0.surname"]'.</msg>
<status status="PASS" starttime="20210403 00:54:09.510" endtime="20210403 00:54:12.630"></status>
</kw>
<kw name="Wait Until Element Is Visible" library="SeleniumLibrary">
<doc>Waits until the element ``locator`` is visible.</doc>
<arguments>
<arg>${LIST_TITLE_SECOND_PAX}</arg>
<arg>50</arg>
</arguments>
<status status="PASS" starttime="20210403 00:54:12.630" endtime="20210403 00:54:14.657"></status>
</kw>
<kw name="Wait Until Element Is Visible" library="SeleniumLibrary">
<doc>Waits until the element ``locator`` is visible.</doc>
<arguments>
<arg>${TXT_FIRST_NAME_SECOND_PAX}</arg>
<arg>50</arg>
</arguments>
<status status="PASS" starttime="20210403 00:54:14.657" endtime="20210403 00:54:16.685"></status>
</kw>
<kw name="Wait Until Element Is Visible" library="SeleniumLibrary">
<doc>Waits until the element ``locator`` is visible.</doc>
<arguments>
<arg>${TXT_LAST_NAME_SECOND_PAX}</arg>
<arg>50</arg>
</arguments>
<status status="PASS" starttime="20210403 00:54:16.686" endtime="20210403 00:54:18.708"></status>
</kw>
<kw name="Scroll Element Into View" library="SeleniumLibrary">
<doc>Scrolls the element identified by ``locator`` into view.</doc>
<arguments>
<arg>${LIST_TITLE_SECOND_PAX}</arg>
</arguments>
<status status="PASS" starttime="20210403 00:54:18.708" endtime="20210403 00:54:20.997"></status>
</kw>
<kw name="Click Element" library="SeleniumLibrary">
<doc>Click the element identified by ``locator``.</doc>
<arguments>
<arg>${LIST_TITLE_SECOND_PAX}</arg>
</arguments>
<msg timestamp="20210403 00:54:20.998" level="INFO">Clicking element 'xpath://*[@id="title-0-error-message"]/div[2]/button'.</msg>
<status status="PASS" starttime="20210403 00:54:20.997" endtime="20210403 00:54:23.053"></status>
</kw>
<kw name="Click Element" library="SeleniumLibrary">
<doc>Click the element identified by ``locator``.</doc>
<arguments>
<arg>${LIST_OPTION_SECOND_PAX}</arg>
</arguments>
<msg timestamp="20210403 00:54:23.054" level="INFO">Clicking element 'xpath://*[@id="title-0-error-message"]/div[2]/div/div/ry-dropdown-item[1]/button/div/div[1]'.</msg>
<status status="PASS" starttime="20210403 00:54:23.053" endtime="20210403 00:54:25.121"></status>
</kw>
<kw name="Input Text" library="SeleniumLibrary">
<doc>Types the given ``text`` into the text field identified by ``locator``.</doc>
<arguments>
<arg>${TXT_FIRST_NAME_SECOND_PAX}</arg>
<arg>DIOGO</arg>
</arguments>
<msg timestamp="20210403 00:54:25.121" level="INFO">Typing text 'DIOGO' into text field 'xpath://input[@id="formState.passengers.ADT-1.name"]'.</msg>
<status status="PASS" starttime="20210403 00:54:25.121" endtime="20210403 00:54:28.241"></status>
</kw>
<kw name="Input Text" library="SeleniumLibrary">
<doc>Types the given ``text`` into the text field identified by ``locator``.</doc>
<arguments>
<arg>${TXT_LAST_NAME_SECOND_PAX}</arg>
<arg>BETTENCOURT</arg>
</arguments>
<msg timestamp="20210403 00:54:28.242" level="INFO">Typing text 'BETTENCOURT' into text field 'xpath://input[@id="formState.passengers.ADT-1.surname"]'.</msg>
<status status="PASS" starttime="20210403 00:54:28.242" endtime="20210403 00:54:31.383"></status>
</kw>
<kw name="Wait Until Element Is Visible" library="SeleniumLibrary">
<doc>Waits until the element ``locator`` is visible.</doc>
<arguments>
<arg>${TXT_FIRST_NAME_THIRD_PAX}</arg>
<arg>50</arg>
</arguments>
<status status="PASS" starttime="20210403 00:54:31.383" endtime="20210403 00:54:33.408"></status>
</kw>
<kw name="Wait Until Element Is Visible" library="SeleniumLibrary">
<doc>Waits until the element ``locator`` is visible.</doc>
<arguments>
<arg>${TXT_LAST_NAME_THIRD_PAX}</arg>
<arg>50</arg>
</arguments>
<status status="PASS" starttime="20210403 00:54:33.408" endtime="20210403 00:54:35.438"></status>
</kw>
<kw name="Scroll Element Into View" library="SeleniumLibrary">
<doc>Scrolls the element identified by ``locator`` into view.</doc>
<arguments>
<arg>${TXT_FIRST_NAME_THIRD_PAX}</arg>
</arguments>
<status status="PASS" starttime="20210403 00:54:35.439" endtime="20210403 00:54:37.731"></status>
</kw>
<kw name="Input Text" library="SeleniumLibrary">
<doc>Types the given ``text`` into the text field identified by ``locator``.</doc>
<arguments>
<arg>${TXT_FIRST_NAME_THIRD_PAX}</arg>
<arg>INES</arg>
</arguments>
<msg timestamp="20210403 00:54:37.732" level="INFO">Typing text 'INES' into text field 'xpath://input[@id="formState.passengers.CHD-0.name"]'.</msg>
<status status="PASS" starttime="20210403 00:54:37.731" endtime="20210403 00:54:40.840"></status>
</kw>
<kw name="Input Text" library="SeleniumLibrary">
<doc>Types the given ``text`` into the text field identified by ``locator``.</doc>
<arguments>
<arg>${TXT_LAST_NAME_THIRD_PAX}</arg>
<arg>MARCAL</arg>
</arguments>
<msg timestamp="20210403 00:54:40.841" level="INFO">Typing text 'MARCAL' into text field 'xpath://input[@id="formState.passengers.CHD-0.surname"]'.</msg>
<status status="PASS" starttime="20210403 00:54:40.840" endtime="20210403 00:54:43.962"></status>
</kw>
<kw name="Wait Until Element Is Visible" library="SeleniumLibrary">
<doc>Waits until the element ``locator`` is visible.</doc>
<arguments>
<arg>${BTN_PASSENGERS_DONE}</arg>
<arg>50</arg>
</arguments>
<status status="PASS" starttime="20210403 00:54:43.962" endtime="20210403 00:54:45.988"></status>
</kw>
<kw name="Scroll Element Into View" library="SeleniumLibrary">
<doc>Scrolls the element identified by ``locator`` into view.</doc>
<arguments>
<arg>${BTN_PASSENGERS_DONE}</arg>
</arguments>
<status status="PASS" starttime="20210403 00:54:45.988" endtime="20210403 00:54:48.287"></status>
</kw>
<kw name="Click Element" library="SeleniumLibrary">
<doc>Click the element identified by ``locator``.</doc>
<arguments>
<arg>${BTN_PASSENGERS_DONE}</arg>
</arguments>
<msg timestamp="20210403 00:54:48.288" level="INFO">Clicking element 'xpath://html/body/flights-root/div/div/div/div/ng-component/div/continue-flow-container/continue-flow/div/div/span/button'.</msg>
<status status="PASS" starttime="20210403 00:54:48.287" endtime="20210403 00:54:50.357"></status>
</kw>
<status status="PASS" starttime="20210403 00:53:53.856" endtime="20210403 00:54:50.357"></status>
</kw>
<kw name="And I select the passengers seats" library="FlightsPage">
<kw name="Wait Until Element Is Visible" library="SeleniumLibrary">
<doc>Waits until the element ``locator`` is visible.</doc>
<arguments>
<arg>${BTN_FAMILY_SEATING_ADVICE}</arg>
<arg>50</arg>
</arguments>
<status status="PASS" starttime="20210403 00:54:50.358" endtime="20210403 00:54:58.998"></status>
</kw>
<kw name="Click Element" library="SeleniumLibrary">
<doc>Click the element identified by ``locator``.</doc>
<arguments>
<arg>${BTN_FAMILY_SEATING_ADVICE}</arg>
</arguments>
<msg timestamp="20210403 00:54:58.999" level="INFO">Clicking element 'xpath://button[@class="seats-modal__cta ry-button--gradient-blue"]'.</msg>
<status status="PASS" starttime="20210403 00:54:58.998" endtime="20210403 00:55:01.040"></status>
</kw>
<kw name="Wait Until Element Is Visible" library="SeleniumLibrary">
<doc>Waits until the element ``locator`` is visible.</doc>
<arguments>
<arg>${BTN_SEAT_FIRST_PASSENGER_DEPARTURE}</arg>
<arg>50</arg>
</arguments>
<status status="PASS" starttime="20210403 00:55:01.041" endtime="20210403 00:55:03.065"></status>
</kw>
<kw name="Click Element" library="SeleniumLibrary">
<doc>Click the element identified by ``locator``.</doc>
<arguments>
<arg>${BTN_SEAT_FIRST_PASSENGER_DEPARTURE}</arg>
</arguments>
<msg timestamp="20210403 00:55:03.066" level="INFO">Clicking element 'xpath://html/body/seats-root/div/div/seats-container-root/seats-container-v2/main/div[2]/div/div/div/div/div/div[1]/seat-map/div/div[19]/div/button[1]'.</msg>
<status status="PASS" starttime="20210403 00:55:03.065" endtime="20210403 00:55:05.226"></status>
</kw>
<kw name="Wait Until Element Is Visible" library="SeleniumLibrary">
<doc>Waits until the element ``locator`` is visible.</doc>
<arguments>
<arg>${BTN_SEAT_SECOND_PASSENGER_DEPARTURE}</arg>
<arg>50</arg>
</arguments>
<status status="PASS" starttime="20210403 00:55:05.226" endtime="20210403 00:55:07.253"></status>
</kw>
<kw name="Click Element" library="SeleniumLibrary">
<doc>Click the element identified by ``locator``.</doc>
<arguments>
<arg>${BTN_SEAT_SECOND_PASSENGER_DEPARTURE}</arg>
</arguments>
<msg timestamp="20210403 00:55:07.254" level="INFO">Clicking element 'xpath://html/body/seats-root/div/div/seats-container-root/seats-container-v2/main/div[2]/div/div/div/div/div/div[1]/seat-map/div/div[19]/div/button[2]'.</msg>
<status status="PASS" starttime="20210403 00:55:07.254" endtime="20210403 00:55:09.429"></status>
</kw>
<kw name="Wait Until Element Is Visible" library="SeleniumLibrary">
<doc>Waits until the element ``locator`` is visible.</doc>
<arguments>
<arg>${BTN_SEAT_THIRD_PASSENGER_DEPARTURE}</arg>
<arg>50</arg>
</arguments>
<status status="PASS" starttime="20210403 00:55:09.430" endtime="20210403 00:55:11.462"></status>
</kw>
<kw name="Click Element" library="SeleniumLibrary">
<doc>Click the element identified by ``locator``.</doc>
<arguments>
<arg>${BTN_SEAT_THIRD_PASSENGER_DEPARTURE}</arg>
</arguments>
<msg timestamp="20210403 00:55:11.463" level="INFO">Clicking element 'xpath://html/body/seats-root/div/div/seats-container-root/seats-container-v2/main/div[2]/div/div/div/div/div/div[1]/seat-map/div/div[19]/div/button[3]'.</msg>
<status status="PASS" starttime="20210403 00:55:11.462" endtime="20210403 00:55:13.623"></status>
</kw>
<kw name="Wait Until Element Is Visible" library="SeleniumLibrary">
<doc>Waits until the element ``locator`` is visible.</doc>
<arguments>
<arg>${BTN_SEATS_NEXT_FLIGHT}</arg>
<arg>50</arg>
</arguments>
<status status="PASS" starttime="20210403 00:55:13.623" endtime="20210403 00:55:15.654"></status>
</kw>
<kw name="Click Element" library="SeleniumLibrary">
<doc>Click the element identified by ``locator``.</doc>
<arguments>
<arg>${BTN_SEATS_NEXT_FLIGHT}</arg>
</arguments>
<msg timestamp="20210403 00:55:15.655" level="INFO">Clicking element 'xpath://button[@class="ry-button ry-button--gradient-blue seats-action__button ry-button--flat-blue"]'.</msg>
<status status="PASS" starttime="20210403 00:55:15.654" endtime="20210403 00:55:17.740"></status>
</kw>
<kw name="Wait Until Element Is Visible" library="SeleniumLibrary">
<doc>Waits until the element ``locator`` is visible.</doc>
<arguments>
<arg>${LNK_RESERVE_SAME_SEATS_RETURN}</arg>
<arg>50</arg>
</arguments>
<status status="PASS" starttime="20210403 00:55:17.740" endtime="20210403 00:55:22.192"></status>
</kw>
<kw name="Click Element" library="SeleniumLibrary">
<doc>Click the element identified by ``locator``.</doc>
<arguments>
<arg>${LNK_RESERVE_SAME_SEATS_RETURN}</arg>
</arguments>
<msg timestamp="20210403 00:55:22.193" level="INFO">Clicking element 'xpath:/html/body/seats-root/div/div/seats-container-root/seats-container-v2/main/div[2]/div/div/div/div/div/div[1]/div/seats-prompt/ry-action-sheet/div/div/div[1]/div/div/div[2]/button[2]'.</msg>
<status status="PASS" starttime="20210403 00:55:22.193" endtime="20210403 00:55:24.317"></status>
</kw>
<kw name="Run Keyword And Ignore Error" library="BuiltIn">
<doc>Runs the given keyword with the given arguments and ignores possible error.</doc>
<arguments>
<arg>Wait until element is visible</arg>
<arg>${LNK_ADD_FAST_TRACK}</arg>
<arg>50</arg>
</arguments>
<kw name="Wait Until Element Is Visible" library="SeleniumLibrary">
<doc>Waits until the element ``locator`` is visible.</doc>
<arguments>
<arg>${LNK_ADD_FAST_TRACK}</arg>
<arg>50</arg>
</arguments>
<status status="PASS" starttime="20210403 00:55:24.318" endtime="20210403 00:55:28.778"></status>
</kw>
<status status="PASS" starttime="20210403 00:55:24.317" endtime="20210403 00:55:28.779"></status>
</kw>
<kw name="Run Keyword And Ignore Error" library="BuiltIn">
<doc>Runs the given keyword with the given arguments and ignores possible error.</doc>
<arguments>
<arg>Click Element</arg>
<arg>${LNK_ADD_FAST_TRACK}</arg>
</arguments>
<kw name="Click Element" library="SeleniumLibrary">
<doc>Click the element identified by ``locator``.</doc>
<arguments>
<arg>${LNK_ADD_FAST_TRACK}</arg>
</arguments>
<msg timestamp="20210403 00:55:28.780" level="INFO">Clicking element 'xpath://button[@class="enhanced-takeover-beta__product-dismiss-cta ry-button--anchor-blue ry-button--anchor"]'.</msg>
<status status="PASS" starttime="20210403 00:55:28.779" endtime="20210403 00:55:33.346"></status>
</kw>
<status status="PASS" starttime="20210403 00:55:28.779" endtime="20210403 00:55:33.347"></status>
</kw>
<status status="PASS" starttime="20210403 00:54:50.358" endtime="20210403 00:55:33.347"></status>
</kw>
<kw name="And I select the same kind of bag for all passengers" library="FlightsPage">
<kw name="Wait Until Element Is Visible" library="SeleniumLibrary">
<doc>Waits until the element ``locator`` is visible.</doc>
<arguments>
<arg>${BTN_SMALL_BAG_ALL_PASSENGERS}</arg>
<arg>50</arg>
</arguments>
<status status="PASS" starttime="20210403 00:55:33.348" endtime="20210403 00:55:37.801"></status>
</kw>
<kw name="Click Element" library="SeleniumLibrary">
<doc>Click the element identified by ``locator``.</doc>
<arguments>
<arg>${BTN_SMALL_BAG_ALL_PASSENGERS}</arg>
</arguments>
<msg timestamp="20210403 00:55:37.802" level="INFO">Clicking element 'xpath://html/body/bags-root/bags-booking-container/div/main/div/section[1]/bags-cabin-lazy-bag/bags-cabin-bag-section/bags-bag-layout/div/div[3]/div[2]/bags-pax-table-journey-container/div/bags-cabin-bag-table-controls/ry-radio-group/div/div/div[1]/bags-cabin-bag-product/div/bags-product-selector/div/div/div[1]/ry-radio-circle-button/label'.</msg>
<status status="PASS" starttime="20210403 00:55:37.801" endtime="20210403 00:55:39.910"></status>
</kw>
<kw name="Wait Until Element Is Visible" library="SeleniumLibrary">
<doc>Waits until the element ``locator`` is visible.</doc>
<arguments>
<arg>${BTN_BAGS_DONE}</arg>
<arg>50</arg>
</arguments>
<status status="PASS" starttime="20210403 00:55:39.910" endtime="20210403 00:55:41.935"></status>
</kw>
<kw name="Click Element" library="SeleniumLibrary">
<doc>Click the element identified by ``locator``.</doc>
<arguments>
<arg>${BTN_BAGS_DONE}</arg>
</arguments>
<msg timestamp="20210403 00:55:41.936" level="INFO">Clicking element 'xpath://html/body/bags-root/bags-booking-container/div/main/div/section[4]/bags-continue-flow-container/bags-continue-flow/button'.</msg>
<status status="PASS" starttime="20210403 00:55:41.935" endtime="20210403 00:55:44.007"></status>
</kw>
<status status="PASS" starttime="20210403 00:55:33.347" endtime="20210403 00:55:44.007"></status>
</kw>
<kw name="Then I finish my trip reservation" library="BDDConfig">
<kw name="Run Keyword" library="BuiltIn">
<doc>Executes the given keyword with the given arguments.</doc>
<arguments>
<arg>${keyword}</arg>
</arguments>
<kw name="I finish my trip reservation" library="FlightsPage">
<kw name="Run Keyword And Ignore Error" library="BuiltIn">
<doc>Runs the given keyword with the given arguments and ignores possible error.</doc>
<arguments>
<arg>Wait until element is visible</arg>
<arg>${LNK_TRAVEL_WITH_KIDS}</arg>
<arg>50</arg>
</arguments>
<kw name="Wait Until Element Is Visible" library="SeleniumLibrary">
<doc>Waits until the element ``locator`` is visible.</doc>
<arguments>
<arg>${LNK_TRAVEL_WITH_KIDS}</arg>
<arg>50</arg>
</arguments>
<kw name="Capture Page Screenshot" library="SeleniumLibrary">
<doc>Takes a screenshot of the current page and embeds it into a log file.</doc>
<msg timestamp="20210403 00:56:36.356" level="INFO" html="yes">&lt;/td&gt;&lt;/tr&gt;&lt;tr&gt;&lt;td colspan="3"&gt;&lt;a href="selenium-screenshot-1.png"&gt;&lt;img src="selenium-screenshot-1.png" width="800px"&gt;&lt;/a&gt;</msg>
<status status="PASS" starttime="20210403 00:56:34.621" endtime="20210403 00:56:36.356"></status>
</kw>
<msg timestamp="20210403 00:56:36.358" level="FAIL">Element 'xpath://html/body/bags-root/bags-booking-container/div/bags-enhanced-takeovers/ry-message-renderer[1]/hero-loader-with-data/ng-component/ry-enhanced-takeover-desktop/div/div[3]/button[2]' not visible after 50 seconds.</msg>
<status status="FAIL" starttime="20210403 00:55:44.009" endtime="20210403 00:56:36.358"></status>
</kw>
<status status="PASS" starttime="20210403 00:55:44.009" endtime="20210403 00:56:36.358"></status>
</kw>
<kw name="Run Keyword And Ignore Error" library="BuiltIn">
<doc>Runs the given keyword with the given arguments and ignores possible error.</doc>
<arguments>
<arg>Click Element</arg>
<arg>${LNK_TRAVEL_WITH_KIDS}</arg>
</arguments>
<kw name="Click Element" library="SeleniumLibrary">
<doc>Click the element identified by ``locator``.</doc>
<arguments>
<arg>${LNK_TRAVEL_WITH_KIDS}</arg>
</arguments>
<msg timestamp="20210403 00:56:36.358" level="INFO">Clicking element 'xpath://html/body/bags-root/bags-booking-container/div/bags-enhanced-takeovers/ry-message-renderer[1]/hero-loader-with-data/ng-component/ry-enhanced-takeover-desktop/div/div[3]/button[2]'.</msg>
<kw name="Capture Page Screenshot" library="SeleniumLibrary">
<doc>Takes a screenshot of the current page and embeds it into a log file.</doc>
<msg timestamp="20210403 00:56:39.023" level="INFO" html="yes">&lt;/td&gt;&lt;/tr&gt;&lt;tr&gt;&lt;td colspan="3"&gt;&lt;a href="selenium-screenshot-2.png"&gt;&lt;img src="selenium-screenshot-2.png" width="800px"&gt;&lt;/a&gt;</msg>
<status status="PASS" starttime="20210403 00:56:37.368" endtime="20210403 00:56:39.023"></status>
</kw>
<msg timestamp="20210403 00:56:39.024" level="FAIL">Element with locator 'xpath://html/body/bags-root/bags-booking-container/div/bags-enhanced-takeovers/ry-message-renderer[1]/hero-loader-with-data/ng-component/ry-enhanced-takeover-desktop/div/div[3]/button[2]' not found.</msg>
<status status="FAIL" starttime="20210403 00:56:36.358" endtime="20210403 00:56:39.024"></status>
</kw>
<status status="PASS" starttime="20210403 00:56:36.358" endtime="20210403 00:56:39.024"></status>
</kw>
<kw name="Wait Until Element Is Visible" library="SeleniumLibrary">
<doc>Waits until the element ``locator`` is visible.</doc>
<arguments>
<arg>${BTN_FINISH}</arg>
<arg>50</arg>
</arguments>
<status status="PASS" starttime="20210403 00:56:39.024" endtime="20210403 00:56:41.053"></status>
</kw>
<kw name="Click Element" library="SeleniumLibrary">
<doc>Click the element identified by ``locator``.</doc>
<arguments>
<arg>${BTN_FINISH}</arg>
</arguments>
<msg timestamp="20210403 00:56:41.054" level="INFO">Clicking element 'xpath://html/body/app-root/ng-component/div/div/div/main/div/products-list-container/products-list/div/div/div/div[2]/div[2]/button'.</msg>
<status status="PASS" starttime="20210403 00:56:41.053" endtime="20210403 00:56:43.149"></status>
</kw>
<kw name="Wait Until Element Is Visible" library="SeleniumLibrary">
<doc>Waits until the element ``locator`` is visible.</doc>
<arguments>
<arg>${FRAME_RESERVATION_SUCCESSFULL}</arg>
<arg>50</arg>
</arguments>
<status status="PASS" starttime="20210403 00:56:43.149" endtime="20210403 00:56:49.451"></status>
</kw>
<status status="PASS" starttime="20210403 00:55:44.008" endtime="20210403 00:56:49.451"></status>
</kw>
<status status="PASS" starttime="20210403 00:55:44.008" endtime="20210403 00:56:49.451"></status>
</kw>
<status status="PASS" starttime="20210403 00:55:44.008" endtime="20210403 00:56:49.451"></status>
</kw>
<status status="PASS" starttime="20210403 00:50:06.236" endtime="20210403 00:56:49.452" critical="yes"></status>
</test>
<status status="PASS" starttime="20210403 00:50:06.108" endtime="20210403 00:56:49.452"></status>
</suite>
<status status="PASS" starttime="20210403 00:50:06.088" endtime="20210403 00:56:49.454"></status>
</suite>
<statistics>
<total>
<stat pass="1" fail="0">Critical Tests</stat>
<stat pass="1" fail="0">All Tests</stat>
</total>
<tag>
</tag>
<suite>
<stat pass="1" fail="0" id="s1" name="Test Suites">Test Suites</stat>
<stat pass="1" fail="0" id="s1-s1" name="Flight Booking">Test Suites.Flight Booking</stat>
</suite>
</statistics>
<errors>
</errors>
</robot>
